Flow report for forest-risc-v
Thu Sep 19 19:34:28 2024
Quartus Prime Version 23.1std.0 Build 991 11/28/2023 SC Lite Edition


---------------------
; Table of Contents ;
---------------------
  1. Legal Notice
  2. Flow Summary
  3. Flow Settings
  4. Flow Non-Default Global Settings
  5. Flow Elapsed Time
  6. Flow OS Summary
  7. Flow Log
  8. Flow Messages
  9. Flow Suppressed Messages



----------------
; Legal Notice ;
----------------
Copyright (C) 2023  Intel Corporation. All rights reserved.
Your use of Intel Corporation's design tools, logic functions 
and other software and tools, and any partner logic 
functions, and any output files from any of the foregoing 
(including device programming or simulation files), and any 
associated documentation or information are expressly subject 
to the terms and conditions of the Intel Program License 
Subscription Agreement, the Intel Quartus Prime License Agreement,
the Intel FPGA IP License Agreement, or other applicable license
agreement, including, without limitation, that your use is for
the sole purpose of programming logic devices manufactured by
Intel and sold by Intel or its authorized distributors.  Please
refer to the applicable agreement for further details, at
https://fpgasoftware.intel.com/eula.



+-------------------------------------------------------------------------------------+
; Flow Summary                                                                        ;
+------------------------------------+------------------------------------------------+
; Flow Status                        ; Successful - Thu Sep 19 19:34:28 2024          ;
; Quartus Prime Version              ; 23.1std.0 Build 991 11/28/2023 SC Lite Edition ;
; Revision Name                      ; forest-risc-v                                  ;
; Top-level Entity Name              ; binding_vendor                                 ;
; Family                             ; Cyclone IV E                                   ;
; Device                             ; EP4CE6E22C8                                    ;
; Timing Models                      ; Final                                          ;
; Total logic elements               ; 4,669 / 6,272 ( 74 % )                         ;
;     Total combinational functions  ; 4,021 / 6,272 ( 64 % )                         ;
;     Dedicated logic registers      ; 1,988 / 6,272 ( 32 % )                         ;
; Total registers                    ; 1988                                           ;
; Total pins                         ; 12 / 92 ( 13 % )                               ;
; Total virtual pins                 ; 0                                              ;
; Total memory bits                  ; 8,704 / 276,480 ( 3 % )                        ;
; Embedded Multiplier 9-bit elements ; 0 / 30 ( 0 % )                                 ;
; Total PLLs                         ; 1 / 2 ( 50 % )                                 ;
+------------------------------------+------------------------------------------------+


+-----------------------------------------+
; Flow Settings                           ;
+-------------------+---------------------+
; Option            ; Setting             ;
+-------------------+---------------------+
; Start date & time ; 09/19/2024 19:33:30 ;
; Main task         ; Compilation         ;
; Revision Name     ; forest-risc-v       ;
+-------------------+---------------------+


+----------------------------------------------------------------------------------------------------------------------------------------------------------------------------------------------------+
; Flow Non-Default Global Settings                                                                                                                                                                   ;
+-------------------------------------+------------------------------------------------------------------+--------------------------------------+----------------+-----------------------------------+
; Assignment Name                     ; Value                                                            ; Default Value                        ; Entity Name    ; Section Id                        ;
+-------------------------------------+------------------------------------------------------------------+--------------------------------------+----------------+-----------------------------------+
; COMPILER_SIGNATURE_ID               ; 233999794851184.172676721020920                                  ; --                                   ; --             ; --                                ;
; EDA_GENERATE_FUNCTIONAL_NETLIST     ; Off                                                              ; --                                   ; --             ; eda_board_design_timing           ;
; EDA_GENERATE_FUNCTIONAL_NETLIST     ; Off                                                              ; --                                   ; --             ; eda_board_design_boundary_scan    ;
; EDA_GENERATE_FUNCTIONAL_NETLIST     ; Off                                                              ; --                                   ; --             ; eda_board_design_signal_integrity ;
; EDA_GENERATE_FUNCTIONAL_NETLIST     ; Off                                                              ; --                                   ; --             ; eda_board_design_symbol           ;
; EDA_OUTPUT_DATA_FORMAT              ; Vhdl                                                             ; --                                   ; --             ; eda_simulation                    ;
; EDA_SIMULATION_TOOL                 ; Questa Intel FPGA (VHDL)                                         ; <None>                               ; --             ; --                                ;
; EDA_TIME_SCALE                      ; 1 ps                                                             ; --                                   ; --             ; eda_simulation                    ;
; MAX_CORE_JUNCTION_TEMP              ; 85                                                               ; --                                   ; --             ; --                                ;
; MIN_CORE_JUNCTION_TEMP              ; 0                                                                ; --                                   ; --             ; --                                ;
; MISC_FILE                           ; jtag_debug_sys/synthesis/../jtag_debug_sys.cmp                   ; --                                   ; --             ; --                                ;
; MISC_FILE                           ; jtag_debug_sys/synthesis/../../jtag_debug_sys.qsys               ; --                                   ; --             ; --                                ;
; NOMINAL_CORE_SUPPLY_VOLTAGE         ; 1.2V                                                             ; --                                   ; --             ; --                                ;
; PARTITION_COLOR                     ; -- (Not supported for targeted family)                           ; --                                   ; binding_vendor ; Top                               ;
; PARTITION_FITTER_PRESERVATION_LEVEL ; -- (Not supported for targeted family)                           ; --                                   ; binding_vendor ; Top                               ;
; PARTITION_NETLIST_TYPE              ; -- (Not supported for targeted family)                           ; --                                   ; binding_vendor ; Top                               ;
; POWER_BOARD_THERMAL_MODEL           ; None (CONSERVATIVE)                                              ; --                                   ; --             ; --                                ;
; POWER_PRESET_COOLING_SOLUTION       ; 23 MM HEAT SINK WITH 200 LFPM AIRFLOW                            ; --                                   ; --             ; --                                ;
; PROJECT_IP_REGENERATION_POLICY      ; ALWAYS_REGENERATE_IP                                             ; SKIP_REGENERATING_IP_IF_HDL_MODIFIED ; --             ; --                                ;
; PROJECT_OUTPUT_DIRECTORY            ; output_files                                                     ; --                                   ; --             ; --                                ;
; SLD_FILE                            ; jtag_debug_sys/synthesis/jtag_debug_sys.regmap                   ; --                                   ; --             ; --                                ;
; SLD_FILE                            ; jtag_debug_sys/synthesis/jtag_debug_sys.debuginfo                ; --                                   ; --             ; --                                ;
; SLD_INFO                            ; QSYS_NAME jtag_debug_sys HAS_SOPCINFO 1 GENERATION_ID 1726667570 ; --                                   ; jtag_debug_sys ; --                                ;
; SOPCINFO_FILE                       ; jtag_debug_sys/synthesis/../../jtag_debug_sys.sopcinfo           ; --                                   ; --             ; --                                ;
; SYNTHESIS_ONLY_QIP                  ; On                                                               ; --                                   ; --             ; --                                ;
; SYNTH_MESSAGE_LEVEL                 ; High                                                             ; Medium                               ; --             ; --                                ;
; TOP_LEVEL_ENTITY                    ; binding_vendor                                                   ; forest-risc-v                        ; --             ; --                                ;
; VHDL_INPUT_VERSION                  ; VHDL_2008                                                        ; VHDL_1993                            ; --             ; --                                ;
; VHDL_SHOW_LMF_MAPPING_MESSAGES      ; Off                                                              ; --                                   ; --             ; --                                ;
+-------------------------------------+------------------------------------------------------------------+--------------------------------------+----------------+-----------------------------------+


+--------------------------------------------------------------------------------------------------------------------------+
; Flow Elapsed Time                                                                                                        ;
+----------------------+--------------+-------------------------+---------------------+------------------------------------+
; Module Name          ; Elapsed Time ; Average Processors Used ; Peak Virtual Memory ; Total CPU Time (on all processors) ;
+----------------------+--------------+-------------------------+---------------------+------------------------------------+
; Analysis & Synthesis ; 00:00:34     ; 1.0                     ; 508 MB              ; 00:00:53                           ;
; Fitter               ; 00:00:11     ; 1.1                     ; 995 MB              ; 00:00:16                           ;
; Assembler            ; 00:00:02     ; 1.0                     ; 366 MB              ; 00:00:02                           ;
; Timing Analyzer      ; 00:00:03     ; 1.3                     ; 495 MB              ; 00:00:03                           ;
; EDA Netlist Writer   ; 00:00:02     ; 1.0                     ; 615 MB              ; 00:00:03                           ;
; Total                ; 00:00:52     ; --                      ; --                  ; 00:01:17                           ;
+----------------------+--------------+-------------------------+---------------------+------------------------------------+


+----------------------------------------------------------------------------------------+
; Flow OS Summary                                                                        ;
+----------------------+------------------+----------------+------------+----------------+
; Module Name          ; Machine Hostname ; OS Name        ; OS Version ; Processor type ;
+----------------------+------------------+----------------+------------+----------------+
; Analysis & Synthesis ; notfor           ; Ubuntu 24.04.1 ; 24         ; x86_64         ;
; Fitter               ; notfor           ; Ubuntu 24.04.1 ; 24         ; x86_64         ;
; Assembler            ; notfor           ; Ubuntu 24.04.1 ; 24         ; x86_64         ;
; Timing Analyzer      ; notfor           ; Ubuntu 24.04.1 ; 24         ; x86_64         ;
; EDA Netlist Writer   ; notfor           ; Ubuntu 24.04.1 ; 24         ; x86_64         ;
+----------------------+------------------+----------------+------------+----------------+


------------
; Flow Log ;
------------
quartus_map --read_settings_files=on --write_settings_files=off forest-risc-v -c forest-risc-v
quartus_fit --read_settings_files=off --write_settings_files=off forest-risc-v -c forest-risc-v
quartus_asm --read_settings_files=off --write_settings_files=off forest-risc-v -c forest-risc-v
quartus_sta forest-risc-v -c forest-risc-v
quartus_eda --read_settings_files=off --write_settings_files=off forest-risc-v -c forest-risc-v



